<?xml version="1.0" encoding="UTF-8"?>
<!-- Generated by org.testng.reporters.JUnitReportReporter -->
<testsuite hostname="DLLA021P4174" failures="0" tests="1" name="com.pipelinetests.PrintHelloTest" time="0.003" errors="0" timestamp="2020-12-21T15:31:24 IST" skipped="0">
  <testcase classname="com.pipelinetests.PrintHelloTest" name="printHelloTest" time="0.003"/>
  <system-out/>
</testsuite> <!-- com.pipelinetests.PrintHelloTest -->
