<?xml version="1.0" encoding="UTF-8"?>
<testsuite xmlns:xsi="http://www.w3.org/2001/XMLSchema-instance" xsi:noNamespaceSchemaLocation="https://maven.apache.org/surefire/maven-failsafe-plugin/xsd/failsafe-test-report-3.0.xsd" version="3.0" name="com.pipelinetests.PrintHelloTest" time="0.582" tests="1" errors="0" skipped="0" failures="0">
  <properties>
    <property name="sun.desktop" value="windows"/>
    <property name="awt.toolkit" value="sun.awt.windows.WToolkit"/>
    <property name="java.specification.version" value="11"/>
    <property name="sun.cpu.isalist" value="amd64"/>
    <property name="sun.jnu.encoding" value="Cp1252"/>
    <property name="java.class.path" value="C:\Users\anuraggarg1\Desktop\workspace\JenkinsPipeline\target\test-classes;C:\Users\anuraggarg1\Desktop\workspace\JenkinsPipeline\target\JenkinsPipeline-0.0.1-SNAPSHOT.jar;C:\Users\anuraggarg1\.m2\repository\org\testng\testng\7.3.0\testng-7.3.0.jar;C:\Users\anuraggarg1\.m2\repository\com\beust\jcommander\1.78\jcommander-1.78.jar;C:\Users\anuraggarg1\.m2\repository\org\apache\ant\ant\1.10.3\ant-1.10.3.jar;C:\Users\anuraggarg1\.m2\repository\org\apache\ant\ant-launcher\1.10.3\ant-launcher-1.10.3.jar;C:\Users\anuraggarg1\.m2\repository\junit\junit\4.12\junit-4.12.jar;C:\Users\anuraggarg1\.m2\repository\org\hamcrest\hamcrest-core\1.3\hamcrest-core-1.3.jar;C:\Users\anuraggarg1\.m2\repository\com\google\inject\guice\4.2.2\guice-4.2.2-no_aop.jar;C:\Users\anuraggarg1\.m2\repository\javax\inject\javax.inject\1\javax.inject-1.jar;C:\Users\anuraggarg1\.m2\repository\aopalliance\aopalliance\1.0\aopalliance-1.0.jar;C:\Users\anuraggarg1\.m2\repository\com\google\guava\guava\25.1-android\guava-25.1-android.jar;C:\Users\anuraggarg1\.m2\repository\com\google\code\findbugs\jsr305\3.0.2\jsr305-3.0.2.jar;C:\Users\anuraggarg1\.m2\repository\org\checkerframework\checker-compat-qual\2.0.0\checker-compat-qual-2.0.0.jar;C:\Users\anuraggarg1\.m2\repository\com\google\errorprone\error_prone_annotations\2.1.3\error_prone_annotations-2.1.3.jar;C:\Users\anuraggarg1\.m2\repository\com\google\j2objc\j2objc-annotations\1.1\j2objc-annotations-1.1.jar;C:\Users\anuraggarg1\.m2\repository\org\codehaus\mojo\animal-sniffer-annotations\1.14\animal-sniffer-annotations-1.14.jar;C:\Users\anuraggarg1\.m2\repository\org\yaml\snakeyaml\1.21\snakeyaml-1.21.jar;"/>
    <property name="java.vm.vendor" value="Oracle Corporation"/>
    <property name="sun.arch.data.model" value="64"/>
    <property name="user.variant" value=""/>
    <property name="java.vendor.url" value="https://openjdk.java.net/"/>
    <property name="user.timezone" value="Asia/Calcutta"/>
    <property name="java.vm.specification.version" value="11"/>
    <property name="os.name" value="Windows 10"/>
    <property name="sun.java.launcher" value="SUN_STANDARD"/>
    <property name="user.country" value="IN"/>
    <property name="sun.boot.library.path" value="C:\Program Files\Java\jdk-11.0.9\bin"/>
    <property name="sun.java.command" value="C:\Users\anuraggarg1\AppData\Local\Temp\surefire2437284366119751899\surefirebooter55159033836378780.jar C:\Users\anuraggarg1\AppData\Local\Temp\surefire2437284366119751899 2020-12-21T15-31-23_170-jvmRun1 surefire8472888933447675601tmp surefire_08839141161872714633tmp"/>
    <property name="jdk.debug" value="release"/>
    <property name="surefire.test.class.path" value="C:\Users\anuraggarg1\Desktop\workspace\JenkinsPipeline\target\test-classes;C:\Users\anuraggarg1\Desktop\workspace\JenkinsPipeline\target\JenkinsPipeline-0.0.1-SNAPSHOT.jar;C:\Users\anuraggarg1\.m2\repository\org\testng\testng\7.3.0\testng-7.3.0.jar;C:\Users\anuraggarg1\.m2\repository\com\beust\jcommander\1.78\jcommander-1.78.jar;C:\Users\anuraggarg1\.m2\repository\org\apache\ant\ant\1.10.3\ant-1.10.3.jar;C:\Users\anuraggarg1\.m2\repository\org\apache\ant\ant-launcher\1.10.3\ant-launcher-1.10.3.jar;C:\Users\anuraggarg1\.m2\repository\junit\junit\4.12\junit-4.12.jar;C:\Users\anuraggarg1\.m2\repository\org\hamcrest\hamcrest-core\1.3\hamcrest-core-1.3.jar;C:\Users\anuraggarg1\.m2\repository\com\google\inject\guice\4.2.2\guice-4.2.2-no_aop.jar;C:\Users\anuraggarg1\.m2\repository\javax\inject\javax.inject\1\javax.inject-1.jar;C:\Users\anuraggarg1\.m2\repository\aopalliance\aopalliance\1.0\aopalliance-1.0.jar;C:\Users\anuraggarg1\.m2\repository\com\google\guava\guava\25.1-android\guava-25.1-android.jar;C:\Users\anuraggarg1\.m2\repository\com\google\code\findbugs\jsr305\3.0.2\jsr305-3.0.2.jar;C:\Users\anuraggarg1\.m2\repository\org\checkerframework\checker-compat-qual\2.0.0\checker-compat-qual-2.0.0.jar;C:\Users\anuraggarg1\.m2\repository\com\google\errorprone\error_prone_annotations\2.1.3\error_prone_annotations-2.1.3.jar;C:\Users\anuraggarg1\.m2\repository\com\google\j2objc\j2objc-annotations\1.1\j2objc-annotations-1.1.jar;C:\Users\anuraggarg1\.m2\repository\org\codehaus\mojo\animal-sniffer-annotations\1.14\animal-sniffer-annotations-1.14.jar;C:\Users\anuraggarg1\.m2\repository\org\yaml\snakeyaml\1.21\snakeyaml-1.21.jar;"/>
    <property name="sun.cpu.endian" value="little"/>
    <property name="user.home" value="C:\Users\anuraggarg1"/>
    <property name="user.language" value="en"/>
    <property name="java.specification.vendor" value="Oracle Corporation"/>
    <property name="java.version.date" value="2020-10-20"/>
    <property name="java.home" value="C:\Program Files\Java\jdk-11.0.9"/>
    <property name="file.separator" value="\"/>
    <property name="basedir" value="C:\Users\anuraggarg1\Desktop\workspace\JenkinsPipeline"/>
    <property name="java.vm.compressedOopsMode" value="Zero based"/>
    <property name="line.separator" value="&#10;"/>
    <property name="java.specification.name" value="Java Platform API Specification"/>
    <property name="java.vm.specification.vendor" value="Oracle Corporation"/>
    <property name="java.awt.graphicsenv" value="sun.awt.Win32GraphicsEnvironment"/>
    <property name="surefire.real.class.path" value="C:\Users\anuraggarg1\AppData\Local\Temp\surefire2437284366119751899\surefirebooter55159033836378780.jar"/>
    <property name="user.script" value=""/>
    <property name="sun.management.compiler" value="HotSpot 64-Bit Tiered Compilers"/>
    <property name="java.runtime.version" value="11.0.9+7-LTS"/>
    <property name="user.name" value="anuraggarg1"/>
    <property name="path.separator" value=";"/>
    <property name="os.version" value="10.0"/>
    <property name="java.runtime.name" value="Java(TM) SE Runtime Environment"/>
    <property name="file.encoding" value="Cp1252"/>
    <property name="webdriver.base.url" value=""/>
    <property name="java.vm.name" value="Java HotSpot(TM) 64-Bit Server VM"/>
    <property name="java.vendor.version" value="18.9"/>
    <property name="localRepository" value="C:\Users\anuraggarg1\.m2\repository"/>
    <property name="java.vendor.url.bug" value="https://bugreport.java.com/bugreport/"/>
    <property name="java.io.tmpdir" value="C:\Users\ANURAG~1\AppData\Local\Temp\"/>
    <property name="java.version" value="11.0.9"/>
    <property name="user.dir" value="C:\Users\anuraggarg1\Desktop\workspace\JenkinsPipeline"/>
    <property name="os.arch" value="amd64"/>
    <property name="java.vm.specification.name" value="Java Virtual Machine Specification"/>
    <property name="java.awt.printerjob" value="sun.awt.windows.WPrinterJob"/>
    <property name="sun.os.patch.level" value=""/>
    <property name="java.library.path" value="C:\Program Files\Java\jdk-11.0.9\bin;C:\Windows\Sun\Java\bin;C:\Windows\system32;C:\Windows;C:\Program Files\Java\jdk-11.0.9\bin;C:\Program Files\Common Files\Oracle\Java\javapath;C:\Windows\system32;C:\Windows;C:\Windows\System32\Wbem;C:\Windows\System32\WindowsPowerShell\v1.0\;C:\Windows\System32\OpenSSH\;C:\Program Files\Git\cmd;C:\Users\anuraggarg1\Desktop\Software\apache-maven-3.6.3\bin;C:\Users\anuraggarg1\AppData\Local\Microsoft\WindowsApps;;."/>
    <property name="java.vendor" value="Oracle Corporation"/>
    <property name="java.vm.info" value="mixed mode"/>
    <property name="java.vm.version" value="11.0.9+7-LTS"/>
    <property name="sun.io.unicode.encoding" value="UnicodeLittle"/>
    <property name="java.class.version" value="55.0"/>
  </properties>
  <testcase name="printHelloTest" classname="com.pipelinetests.PrintHelloTest" time="0.003"/>
</testsuite>