<?xml version="1.0" encoding="UTF-8"?>
<!-- Generated by org.testng.reporters.JUnitReportReporter -->
<testsuite hostname="DLLA021P4174" failures="0" tests="1" name="com.pipelinetests.PrintHello" time="0.006" errors="0" timestamp="2020-12-21T13:48:55 IST" skipped="0">
  <testcase classname="com.pipelinetests.PrintHello" name="printHello" time="0.006"/>
  <system-out/>
</testsuite> <!-- com.pipelinetests.PrintHello -->
